<?xml version="1.1" encoding="UTF-8"?>
<testsuite name="com.example.hellowrold.MainActivityTest" tests="1" failures="0" errors="0" timestamp="2014-10-01T14:30:55" hostname="Toshihiros-MacBook-Pro.local" time="9.608">
  <properties/>
  <testcase name="shouldHaveHelloWorld" classname="com.example.hellowrold.MainActivityTest" time="9.608"/>
  <system-out><![CDATA[DEBUG: Loading resources for com.example.helloworld from /Users/toshihirock/Documents/workspace/HelloWorld/build/intermediates/res/debug...
DEBUG: Loading resources for android from jar:/Users/toshihirock/.m2/repository/org/robolectric/android-all/4.2.2_r1.2-robolectric-0/android-all-4.2.2_r1.2-robolectric-0.jar!/res...
]]></system-out>
  <system-err><![CDATA[WARNING: no system properties value for ro.build.date.utc
]]></system-err>
</testsuite>
